<?xml version="1.0" encoding="UTF-8"?>
<!-- Generated by org.testng.reporters.JUnitXMLReporter -->
<testsuite hostname="DESKTOP-K6RFTN5" ignored="6" name="HelpilepsyTestingOnFirefox" tests="5" failures="2" timestamp="24 mei 2021 11:34:45 GMT" time="146.398" errors="0">
  <testcase name="@AfterTest afterTest" time="5.233" classname="com.hepilepsy.core.BaseTest">
    <failure type="org.openqa.selenium.NoSuchSessionException" message="Tried to run command without establishing a connection
Build info: version: &amp;apos;3.5.2&amp;apos;, revision: &amp;apos;10229a9&amp;apos;, time: &amp;apos;2017-08-21T17:29:55.15Z&amp;apos;
System info: host: &amp;apos;DESKTOP-K6RFTN5&amp;apos;, ip: &amp;apos;192.168.0.136&amp;apos;, os.name: &amp;apos;Windows 10&amp;apos;, os.arch: &amp;apos;amd64&amp;apos;, os.version: &amp;apos;10.0&amp;apos;, java.version: &amp;apos;1.8.0_281&amp;apos;
Driver info: org.openqa.selenium.firefox.FirefoxDriver
Capabilities [{moz:profile=C:\Users\DELL\AppData\Local\Temp\rust_mozprofile5jBXal, rotatable=false, moz:geckodriverVersion=0.29.0, timeouts={implicit=0, pageLoad=300000, script=30000}, pageLoadStrategy=normal, unhandledPromptBehavior=dismiss and notify, strictFileInteractability=false, moz:headless=false, platform=ANY, moz:accessibilityChecks=false, moz:useNonSpecCompliantPointerOrigin=false, acceptInsecureCerts=false, browserVersion=88.0.1, moz:shutdownTimeout=60000, platformVersion=10.0, moz:processID=23204, browserName=firefox, moz:buildID=20210504152106, javascriptEnabled=true, platformName=windows, setWindowRect=true, moz:webdriverClick=true}]
Session ID: f6c16557-c658-4971-9527-fa18e1a07df5">
      <![CDATA[org.openqa.selenium.NoSuchSessionException: Tried to run command without establishing a connectionBuild info: version: '3.5.2', revision: '10229a9', time: '2017-08-21T17:29:55.15Z'System info: host: 'DESKTOP-K6RFTN5', ip: '192.168.0.136', os.name: 'Windows 10', os.arch: 'amd64', os.version: '10.0', java.version: '1.8.0_281'Driver info: org.openqa.selenium.firefox.FirefoxDriverCapabilities [{moz:profile=C:\Users\DELL\AppData\Local\Temp\rust_mozprofile5jBXal, rotatable=false, moz:geckodriverVersion=0.29.0, timeouts={implicit=0, pageLoad=300000, script=30000}, pageLoadStrategy=normal, unhandledPromptBehavior=dismiss and notify, strictFileInteractability=false, moz:headless=false, platform=ANY, moz:accessibilityChecks=false, moz:useNonSpecCompliantPointerOrigin=false, acceptInsecureCerts=false, browserVersion=88.0.1, moz:shutdownTimeout=60000, platformVersion=10.0, moz:processID=23204, browserName=firefox, moz:buildID=20210504152106, javascriptEnabled=true, platformName=windows, setWindowRect=true, moz:webdriverClick=true}]Session ID: f6c16557-c658-4971-9527-fa18e1a07df5at org.openqa.selenium.remote.http.W3CHttpResponseCodec.createException(W3CHttpResponseCodec.java:185)at org.openqa.selenium.remote.http.W3CHttpResponseCodec.decode(W3CHttpResponseCodec.java:120)at org.openqa.selenium.remote.http.W3CHttpResponseCodec.decode(W3CHttpResponseCodec.java:49)at org.openqa.selenium.remote.HttpCommandExecutor.execute(HttpCommandExecutor.java:164)at org.openqa.selenium.remote.service.DriverCommandExecutor.execute(DriverCommandExecutor.java:82)at org.openqa.selenium.remote.RemoteWebDriver.execute(RemoteWebDriver.java:641)at org.openqa.selenium.remote.RemoteWebDriver.execute(RemoteWebDriver.java:698)at org.openqa.selenium.remote.RemoteWebDriver.quit(RemoteWebDriver.java:537)at com.hepilepsy.core.BaseTest.afterTest(BaseTest.java:55)... Removed 28 stack frames]]>
    </failure>
  </testcase> <!-- @AfterTest afterTest -->
  <testcase name="homepageTests" time="14.303" classname="com.hepilepsy.test.HepilepsyHomeTest"/>
  <testcase name="loginTests" time="9.049" classname="com.hepilepsy.test.HepilepsyLoginTest"/>
  <testcase name="dashboardPageTests" time="0.493" classname="com.hepilepsy.test.HepilepsyDashboardTest">
    <failure type="java.lang.AssertionError" message="expected [https://d2ziclbl1px5mc.cloudfront.net/#!/manageSeizure] but found [https://d2ziclbl1px5mc.cloudfront.net/#!/dashboard]">
      <![CDATA[java.lang.AssertionError: expected [https://d2ziclbl1px5mc.cloudfront.net/#!/manageSeizure] but found [https://d2ziclbl1px5mc.cloudfront.net/#!/dashboard]at com.hepilepsy.test.HepilepsyDashboardTest.dashboardPageTests(HepilepsyDashboardTest.java:37)... Removed 31 stack frames]]>
    </failure>
  </testcase> <!-- dashboardPageTests -->
  <testcase name="addSeizureTests" time="51.048" classname="com.hepilepsy.test.HepilepsyManageSeizureTest">
    <failure type="java.lang.AssertionError" message="expected [https://d2ziclbl1px5mc.cloudfront.net/#!/journal] but found [https://d2ziclbl1px5mc.cloudfront.net/#!/dashboard]">
      <![CDATA[java.lang.AssertionError: expected [https://d2ziclbl1px5mc.cloudfront.net/#!/journal] but found [https://d2ziclbl1px5mc.cloudfront.net/#!/dashboard]at com.hepilepsy.test.HepilepsyManageSeizureTest.addSeizureTests(HepilepsyManageSeizureTest.java:53)... Removed 31 stack frames]]>
    </failure>
  </testcase> <!-- addSeizureTests -->
  <testcase name="editSeizureTests" time="33.643" classname="com.hepilepsy.test.HepilepsyManageSeizureTest"/>
  <testcase name="@AfterTest afterTest" time="0.0" classname="com.hepilepsy.core.BaseTest">
    <ignored/>
  </testcase> <!-- @AfterTest afterTest -->
  <testcase name="@AfterTest afterTest" time="0.0" classname="com.hepilepsy.core.BaseTest">
    <ignored/>
  </testcase> <!-- @AfterTest afterTest -->
  <testcase name="@AfterTest afterTest" time="0.0" classname="com.hepilepsy.core.BaseTest">
    <ignored/>
  </testcase> <!-- @AfterTest afterTest -->
  <testcase name="@BeforeTest beforeTest" time="0.0" classname="com.hepilepsy.core.BaseTest">
    <ignored/>
  </testcase> <!-- @BeforeTest beforeTest -->
  <testcase name="@BeforeTest beforeTest" time="0.0" classname="com.hepilepsy.core.BaseTest">
    <ignored/>
  </testcase> <!-- @BeforeTest beforeTest -->
  <testcase name="@BeforeTest beforeTest" time="0.0" classname="com.hepilepsy.core.BaseTest">
    <ignored/>
  </testcase> <!-- @BeforeTest beforeTest -->
</testsuite> <!-- HelpilepsyTestingOnFirefox -->
