<?xml version="1.0" encoding="UTF-8"?>
<!-- Generated by org.testng.reporters.JUnitXMLReporter -->
<testsuite hostname="DESKTOP-K6RFTN5" ignored="6" name="HelpilepsyTestingOnChrome" tests="5" failures="0" timestamp="24 mei 2021 11:41:30 GMT" time="145.539" errors="0">
  <testcase name="homepageTests" time="8.801" classname="com.hepilepsy.test.HepilepsyHomeTest"/>
  <testcase name="loginTests" time="8.941" classname="com.hepilepsy.test.HepilepsyLoginTest"/>
  <testcase name="dashboardPageTests" time="0.522" classname="com.hepilepsy.test.HepilepsyDashboardTest"/>
  <testcase name="addSeizureTests" time="50.163" classname="com.hepilepsy.test.HepilepsyManageSeizureTest"/>
  <testcase name="editSeizureTests" time="33.659" classname="com.hepilepsy.test.HepilepsyManageSeizureTest"/>
  <testcase name="@AfterTest afterTest" time="0.0" classname="com.hepilepsy.core.BaseTest">
    <ignored/>
  </testcase> <!-- @AfterTest afterTest -->
  <testcase name="@AfterTest afterTest" time="0.0" classname="com.hepilepsy.core.BaseTest">
    <ignored/>
  </testcase> <!-- @AfterTest afterTest -->
  <testcase name="@AfterTest afterTest" time="0.0" classname="com.hepilepsy.core.BaseTest">
    <ignored/>
  </testcase> <!-- @AfterTest afterTest -->
  <testcase name="@BeforeTest beforeTest" time="0.0" classname="com.hepilepsy.core.BaseTest">
    <ignored/>
  </testcase> <!-- @BeforeTest beforeTest -->
  <testcase name="@BeforeTest beforeTest" time="0.0" classname="com.hepilepsy.core.BaseTest">
    <ignored/>
  </testcase> <!-- @BeforeTest beforeTest -->
  <testcase name="@BeforeTest beforeTest" time="0.0" classname="com.hepilepsy.core.BaseTest">
    <ignored/>
  </testcase> <!-- @BeforeTest beforeTest -->
</testsuite> <!-- HelpilepsyTestingOnChrome -->
