<?xml version="1.0" encoding="UTF-8"?>
<!-- Generated by org.testng.reporters.JUnitXMLReporter -->
<testsuite hostname="DESKTOP-K6RFTN5" ignored="6" name="HelpilepsyTestingOnChrome" tests="5" failures="0" timestamp="24 mei 2021 12:31:09 GMT" time="104.96" errors="0">
  <testcase name="homepageTests" time="8.895" classname="com.hepilepsy.test.HepilepsyHomeTest"/>
  <testcase name="loginTests" time="8.542" classname="com.hepilepsy.test.HepilepsyLoginTest"/>
  <testcase name="dashboardPageTests" time="0.452" classname="com.hepilepsy.test.HepilepsyDashboardTest"/>
  <testcase name="addSeizureTests" time="45.174" classname="com.hepilepsy.test.HepilepsyManageSeizureTest"/>
  <testcase name="editSeizureTests" time="34.243" classname="com.hepilepsy.test.HepilepsyManageSeizureTest"/>
  <testcase name="@AfterTest afterTest" time="0.0" classname="com.hepilepsy.core.BaseTest">
    <ignored/>
  </testcase> <!-- @AfterTest afterTest -->
  <testcase name="@AfterTest afterTest" time="0.0" classname="com.hepilepsy.core.BaseTest">
    <ignored/>
  </testcase> <!-- @AfterTest afterTest -->
  <testcase name="@AfterTest afterTest" time="0.0" classname="com.hepilepsy.core.BaseTest">
    <ignored/>
  </testcase> <!-- @AfterTest afterTest -->
  <testcase name="@BeforeTest beforeTest" time="0.0" classname="com.hepilepsy.core.BaseTest">
    <ignored/>
  </testcase> <!-- @BeforeTest beforeTest -->
  <testcase name="@BeforeTest beforeTest" time="0.0" classname="com.hepilepsy.core.BaseTest">
    <ignored/>
  </testcase> <!-- @BeforeTest beforeTest -->
  <testcase name="@BeforeTest beforeTest" time="0.0" classname="com.hepilepsy.core.BaseTest">
    <ignored/>
  </testcase> <!-- @BeforeTest beforeTest -->
</testsuite> <!-- HelpilepsyTestingOnChrome -->
