<?xml version="1.0" encoding="UTF-8"?>
<testng-results skipped="0" failed="1" ignored="6" total="10" passed="3">
  <reporter-output>
  </reporter-output>
  <suite name="HelpilepsyTestSuite" duration-ms="15341" started-at="2021-05-23T15:43:12Z" finished-at="2021-05-23T15:43:27Z">
    <groups>
    </groups>
    <test name="HelpilepsyTestingOnChrome" duration-ms="15341" started-at="2021-05-23T15:43:12Z" finished-at="2021-05-23T15:43:27Z">
      <class name="com.hepilepsy.test.HepilepsyDashboardTest">
        <test-method status="PASS" signature="dashboardPageTests()[pri:0, instance:com.hepilepsy.test.HepilepsyDashboardTest@371a67ec]" name="dashboardPageTests" duration-ms="111" started-at="2021-05-23T17:43:27Z" finished-at="2021-05-23T17:43:27Z">
          <reporter-output>
          </reporter-output>
        </test-method> <!-- dashboardPageTests -->
      </class> <!-- com.hepilepsy.test.HepilepsyDashboardTest -->
      <class name="com.hepilepsy.test.HepilepsyLoginTest">
        <test-method status="PASS" signature="homepageTests()[pri:0, instance:com.hepilepsy.test.HepilepsyLoginTest@262b2c86]" name="homepageTests" duration-ms="6563" started-at="2021-05-23T17:43:20Z" finished-at="2021-05-23T17:43:27Z">
          <reporter-output>
          </reporter-output>
        </test-method> <!-- homepageTests -->
      </class> <!-- com.hepilepsy.test.HepilepsyLoginTest -->
      <class name="com.hepilepsy.test.HepilepsyManageSeizureTest">
        <test-method status="FAIL" signature="addSeizureTests()[pri:0, instance:com.hepilepsy.test.HepilepsyManageSeizureTest@5ed828d]" name="addSeizureTests" duration-ms="25" started-at="2021-05-23T17:43:27Z" finished-at="2021-05-23T17:43:27Z">
          <exception class="java.lang.NullPointerException">
            <full-stacktrace>
              <![CDATA[java.lang.NullPointerExceptionat com.hepilepsy.pages.HepilepsyManageSeizurePage.clickSeizerBtn(HepilepsyManageSeizurePage.java:48)at com.hepilepsy.test.HepilepsyManageSeizureTest.addSeizureTests(HepilepsyManageSeizureTest.java:29)at sun.reflect.NativeMethodAccessorImpl.invoke0(Native Method)at sun.reflect.NativeMethodAccessorImpl.invoke(Unknown Source)at sun.reflect.DelegatingMethodAccessorImpl.invoke(Unknown Source)at java.lang.reflect.Method.invoke(Unknown Source)at org.testng.internal.MethodInvocationHelper.invokeMethod(MethodInvocationHelper.java:124)at org.testng.internal.Invoker.invokeMethod(Invoker.java:571)at org.testng.internal.Invoker.invokeTestMethod(Invoker.java:707)at org.testng.internal.Invoker.invokeTestMethods(Invoker.java:979)at org.testng.internal.TestMethodWorker.invokeTestMethods(TestMethodWorker.java:125)at org.testng.internal.TestMethodWorker.run(TestMethodWorker.java:109)at org.testng.TestRunner.privateRun(TestRunner.java:648)at org.testng.TestRunner.run(TestRunner.java:505)at org.testng.SuiteRunner.runTest(SuiteRunner.java:455)at org.testng.SuiteRunner.runSequentially(SuiteRunner.java:450)at org.testng.SuiteRunner.privateRun(SuiteRunner.java:415)at org.testng.SuiteRunner.run(SuiteRunner.java:364)at org.testng.SuiteRunnerWorker.runSuite(SuiteRunnerWorker.java:52)at org.testng.SuiteRunnerWorker.run(SuiteRunnerWorker.java:84)at org.testng.TestNG.runSuitesSequentially(TestNG.java:1187)at org.testng.TestNG.runSuitesLocally(TestNG.java:1116)at org.testng.TestNG.runSuites(TestNG.java:1028)at org.testng.TestNG.run(TestNG.java:996)at org.testng.remote.AbstractRemoteTestNG.run(AbstractRemoteTestNG.java:114)at org.testng.remote.RemoteTestNG.initAndRun(RemoteTestNG.java:251)at org.testng.remote.RemoteTestNG.main(RemoteTestNG.java:77)]]>
            </full-stacktrace>
          </exception> <!-- java.lang.NullPointerException -->
          <reporter-output>
          </reporter-output>
        </test-method> <!-- addSeizureTests -->
      </class> <!-- com.hepilepsy.test.HepilepsyManageSeizureTest -->
      <class name="com.hepilepsy.test.HepilepsyHomeTest">
        <test-method status="PASS" signature="beforeSuite(java.lang.String)[pri:0, instance:com.hepilepsy.test.HepilepsyHomeTest@13c27452]" name="beforeSuite" is-config="true" duration-ms="5442" started-at="2021-05-23T17:43:07Z" finished-at="2021-05-23T17:43:12Z">
          <params>
            <param index="0">
              <value>
                <![CDATA[chrome]]>
              </value>
            </param>
          </params>
          <reporter-output>
          </reporter-output>
        </test-method> <!-- beforeSuite -->
        <test-method status="PASS" signature="homepageTests()[pri:0, instance:com.hepilepsy.test.HepilepsyHomeTest@13c27452]" name="homepageTests" duration-ms="8229" started-at="2021-05-23T17:43:12Z" finished-at="2021-05-23T17:43:20Z">
          <reporter-output>
          </reporter-output>
        </test-method> <!-- homepageTests -->
        <test-method status="PASS" signature="afterSuite()[pri:0, instance:com.hepilepsy.test.HepilepsyHomeTest@13c27452]" name="afterSuite" is-config="true" duration-ms="1359" started-at="2021-05-23T17:43:28Z" finished-at="2021-05-23T17:43:29Z">
          <reporter-output>
          </reporter-output>
        </test-method> <!-- afterSuite -->
      </class> <!-- com.hepilepsy.test.HepilepsyHomeTest -->
    </test> <!-- HelpilepsyTestingOnChrome -->
  </suite> <!-- HelpilepsyTestSuite -->
</testng-results>
