<?xml version="1.0" encoding="UTF-8"?>
<testng-results skipped="0" failed="0" ignored="6" total="11" passed="5">
  <reporter-output>
  </reporter-output>
  <suite name="HelpilepsyTestSuite" duration-ms="104960" started-at="2021-05-24T12:29:24Z" finished-at="2021-05-24T12:31:09Z">
    <groups>
    </groups>
    <test name="HelpilepsyTestingOnChrome" duration-ms="104960" started-at="2021-05-24T12:29:24Z" finished-at="2021-05-24T12:31:09Z">
      <class name="com.hepilepsy.test.HepilepsyDashboardTest">
        <test-method status="PASS" signature="dashboardPageTests()[pri:0, instance:com.hepilepsy.test.HepilepsyDashboardTest@371a67ec]" name="dashboardPageTests" duration-ms="452" started-at="2021-05-24T14:29:44Z" finished-at="2021-05-24T14:29:44Z">
          <reporter-output>
          </reporter-output>
        </test-method> <!-- dashboardPageTests -->
      </class> <!-- com.hepilepsy.test.HepilepsyDashboardTest -->
      <class name="com.hepilepsy.test.HepilepsyLoginTest">
        <test-method status="PASS" signature="loginTests()[pri:0, instance:com.hepilepsy.test.HepilepsyLoginTest@262b2c86]" name="loginTests" duration-ms="8542" started-at="2021-05-24T14:29:35Z" finished-at="2021-05-24T14:29:44Z">
          <reporter-output>
          </reporter-output>
        </test-method> <!-- loginTests -->
      </class> <!-- com.hepilepsy.test.HepilepsyLoginTest -->
      <class name="com.hepilepsy.test.HepilepsyManageSeizureTest">
        <test-method status="PASS" signature="addSeizureTests()[pri:1, instance:com.hepilepsy.test.HepilepsyManageSeizureTest@5ed828d]" name="addSeizureTests" duration-ms="45174" started-at="2021-05-24T14:29:44Z" finished-at="2021-05-24T14:30:30Z">
          <reporter-output>
          </reporter-output>
        </test-method> <!-- addSeizureTests -->
        <test-method status="PASS" signature="editSeizureTests()[pri:2, instance:com.hepilepsy.test.HepilepsyManageSeizureTest@5ed828d]" name="editSeizureTests" duration-ms="34243" started-at="2021-05-24T14:30:30Z" finished-at="2021-05-24T14:31:04Z">
          <reporter-output>
          </reporter-output>
        </test-method> <!-- editSeizureTests -->
      </class> <!-- com.hepilepsy.test.HepilepsyManageSeizureTest -->
      <class name="com.hepilepsy.test.HepilepsyHomeTest">
        <test-method status="PASS" signature="beforeTest(java.lang.String)[pri:0, instance:com.hepilepsy.test.HepilepsyHomeTest@13c27452]" name="beforeTest" is-config="true" duration-ms="2796" started-at="2021-05-24T14:29:24Z" finished-at="2021-05-24T14:29:26Z">
          <params>
            <param index="0">
              <value>
                <![CDATA[chrome]]>
              </value>
            </param>
          </params>
          <reporter-output>
          </reporter-output>
        </test-method> <!-- beforeTest -->
        <test-method status="PASS" signature="homepageTests()[pri:0, instance:com.hepilepsy.test.HepilepsyHomeTest@13c27452]" name="homepageTests" duration-ms="8895" started-at="2021-05-24T14:29:26Z" finished-at="2021-05-24T14:29:35Z">
          <reporter-output>
          </reporter-output>
        </test-method> <!-- homepageTests -->
        <test-method status="PASS" signature="afterTest()[pri:0, instance:com.hepilepsy.test.HepilepsyHomeTest@13c27452]" name="afterTest" is-config="true" duration-ms="4824" started-at="2021-05-24T14:31:04Z" finished-at="2021-05-24T14:31:09Z">
          <reporter-output>
          </reporter-output>
        </test-method> <!-- afterTest -->
      </class> <!-- com.hepilepsy.test.HepilepsyHomeTest -->
    </test> <!-- HelpilepsyTestingOnChrome -->
  </suite> <!-- HelpilepsyTestSuite -->
</testng-results>
